2025-08-06T09:18:30.009+02:00  INFO 10356 --- [projectJPA] [restartedMain] com.betacom.jpa.ProjectJpaApplication    : Starting ProjectJpaApplication using Java 21.0.7 with PID 10356 (C:\Users\Ho\eclipse-workspace\progetti-eclipse-betacom\Betacom\projectJPA\target\classes started by Ho in C:\Users\Ho\eclipse-workspace\progetti-eclipse-betacom\Betacom\projectJPA)
2025-08-06T09:18:30.015+02:00 DEBUG 10356 --- [projectJPA] [restartedMain] com.betacom.jpa.ProjectJpaApplication    : Running with Spring Boot v3.4.8-SNAPSHOT, Spring v6.2.9
2025-08-06T09:18:30.017+02:00  INFO 10356 --- [projectJPA] [restartedMain] com.betacom.jpa.ProjectJpaApplication    : No active profile set, falling back to 1 default profile: "default"
2025-08-06T09:18:30.082+02:00  INFO 10356 --- [projectJPA] [restartedMain] .e.DevToolsPropertyDefaultsPostProcessor : Devtools property defaults active! Set 'spring.devtools.add-properties' to 'false' to disable
2025-08-06T09:18:30.084+02:00  INFO 10356 --- [projectJPA] [restartedMain] .e.DevToolsPropertyDefaultsPostProcessor : For additional web related logging consider setting the 'logging.level.web' property to 'DEBUG'
2025-08-06T09:18:31.743+02:00  INFO 10356 --- [projectJPA] [restartedMain] .s.d.r.c.RepositoryConfigurationDelegate : Bootstrapping Spring Data JPA repositories in DEFAULT mode.
2025-08-06T09:18:31.859+02:00  INFO 10356 --- [projectJPA] [restartedMain] .s.d.r.c.RepositoryConfigurationDelegate : Finished Spring Data repository scanning in 101 ms. Found 5 JPA repository interfaces.
2025-08-06T09:18:32.533+02:00  INFO 10356 --- [projectJPA] [restartedMain] o.s.b.w.embedded.tomcat.TomcatWebServer  : Tomcat initialized with port 9090 (http)
2025-08-06T09:18:32.552+02:00  INFO 10356 --- [projectJPA] [restartedMain] o.apache.catalina.core.StandardService   : Starting service [Tomcat]
2025-08-06T09:18:32.553+02:00  INFO 10356 --- [projectJPA] [restartedMain] o.apache.catalina.core.StandardEngine    : Starting Servlet engine: [Apache Tomcat/10.1.43]
2025-08-06T09:18:32.632+02:00  INFO 10356 --- [projectJPA] [restartedMain] o.a.c.c.C.[Tomcat].[localhost].[/]       : Initializing Spring embedded WebApplicationContext
2025-08-06T09:18:32.633+02:00  INFO 10356 --- [projectJPA] [restartedMain] w.s.c.ServletWebServerApplicationContext : Root WebApplicationContext: initialization completed in 2548 ms
2025-08-06T09:18:32.824+02:00  INFO 10356 --- [projectJPA] [restartedMain] com.zaxxer.hikari.HikariDataSource       : HikariPool-1 - Starting...
2025-08-06T09:18:33.309+02:00  INFO 10356 --- [projectJPA] [restartedMain] com.zaxxer.hikari.pool.HikariPool        : HikariPool-1 - Added connection org.postgresql.jdbc.PgConnection@8a6c15f
2025-08-06T09:18:33.313+02:00  INFO 10356 --- [projectJPA] [restartedMain] com.zaxxer.hikari.HikariDataSource       : HikariPool-1 - Start completed.
2025-08-06T09:18:33.383+02:00  INFO 10356 --- [projectJPA] [restartedMain] o.hibernate.jpa.internal.util.LogHelper  : HHH000204: Processing PersistenceUnitInfo [name: default]
2025-08-06T09:18:33.497+02:00  INFO 10356 --- [projectJPA] [restartedMain] org.hibernate.Version                    : HHH000412: Hibernate ORM core version 6.6.22.Final
2025-08-06T09:18:33.557+02:00  INFO 10356 --- [projectJPA] [restartedMain] o.h.c.internal.RegionFactoryInitiator    : HHH000026: Second-level cache disabled
2025-08-06T09:18:33.996+02:00  INFO 10356 --- [projectJPA] [restartedMain] o.s.o.j.p.SpringPersistenceUnitInfo      : No LoadTimeWeaver setup: ignoring JPA class transformer
2025-08-06T09:18:34.179+02:00  INFO 10356 --- [projectJPA] [restartedMain] org.hibernate.orm.connections.pooling    : HHH10001005: Database info:
	Database JDBC URL [Connecting through datasource 'HikariDataSource (HikariPool-1)']
	Database driver: undefined/unknown
	Database version: 17.5
	Autocommit mode: undefined/unknown
	Isolation level: undefined/unknown
	Minimum pool size: undefined/unknown
	Maximum pool size: undefined/unknown
2025-08-06T09:18:34.700+02:00  WARN 10356 --- [projectJPA] [restartedMain] org.hibernate.mapping.RootClass          : HHH000038: Composite-id class does not override equals(): com.betacom.jpa.models.MessageId
2025-08-06T09:18:34.701+02:00  WARN 10356 --- [projectJPA] [restartedMain] org.hibernate.mapping.RootClass          : HHH000039: Composite-id class does not override hashCode(): com.betacom.jpa.models.MessageId
2025-08-06T09:18:35.614+02:00  INFO 10356 --- [projectJPA] [restartedMain] o.h.e.t.j.p.i.JtaPlatformInitiator       : HHH000489: No JTA platform available (set 'hibernate.transaction.jta.platform' to enable JTA platform integration)
2025-08-06T09:18:35.653+02:00  INFO 10356 --- [projectJPA] [restartedMain] j.LocalContainerEntityManagerFactoryBean : Initialized JPA EntityManagerFactory for persistence unit 'default'
2025-08-06T09:18:36.134+02:00  INFO 10356 --- [projectJPA] [restartedMain] o.s.d.j.r.query.QueryEnhancerFactory     : Hibernate is in classpath; If applicable, HQL parser will be used.
2025-08-06T09:18:37.637+02:00  WARN 10356 --- [projectJPA] [restartedMain] JpaBaseConfiguration$JpaWebConfiguration : spring.jpa.open-in-view is enabled by default. Therefore, database queries may be performed during view rendering. Explicitly configure spring.jpa.open-in-view to disable this warning
2025-08-06T09:18:38.237+02:00  WARN 10356 --- [projectJPA] [restartedMain] o.s.b.d.a.OptionalLiveReloadServer       : Unable to start LiveReload server
2025-08-06T09:18:38.289+02:00  INFO 10356 --- [projectJPA] [restartedMain] o.s.b.w.embedded.tomcat.TomcatWebServer  : Tomcat started on port 9090 (http) with context path '/'
2025-08-06T09:18:38.304+02:00  INFO 10356 --- [projectJPA] [restartedMain] com.betacom.jpa.ProjectJpaApplication    : Started ProjectJpaApplication in 8.944 seconds (process running for 13.13)
2025-08-06T09:18:47.567+02:00  INFO 10356 --- [projectJPA] [http-nio-9090-exec-2] o.a.c.c.C.[Tomcat].[localhost].[/]       : Initializing Spring DispatcherServlet 'dispatcherServlet'
2025-08-06T09:18:47.568+02:00  INFO 10356 --- [projectJPA] [http-nio-9090-exec-2] o.s.web.servlet.DispatcherServlet        : Initializing Servlet 'dispatcherServlet'
2025-08-06T09:18:47.569+02:00  INFO 10356 --- [projectJPA] [http-nio-9090-exec-2] o.s.web.servlet.DispatcherServlet        : Completed initialization in 1 ms
2025-08-06T09:18:54.328+02:00 DEBUG 10356 --- [projectJPA] [http-nio-9090-exec-6] c.b.j.s.implementations.SocioImpl        : getSocio: 1
2025-08-06T09:19:12.170+02:00  INFO 10356 --- [projectJPA] [http-nio-9090-exec-8] o.springdoc.api.AbstractOpenApiResource  : Init duration for springdoc-openapi is: 538 ms
2025-08-06T09:21:04.399+02:00 DEBUG 10356 --- [projectJPA] [http-nio-9090-exec-1] c.b.j.s.implementations.SocioImpl        : ListByFilter: null
2025-08-06T09:21:08.845+02:00 DEBUG 10356 --- [projectJPA] [http-nio-9090-exec-4] c.b.j.s.implementations.SocioImpl        : getSocio: 1
2025-08-06T09:21:13.679+02:00 DEBUG 10356 --- [projectJPA] [http-nio-9090-exec-6] c.b.j.s.implementations.SocioImpl        : Insert: SocioReq(id=1, nome=Michele, cognome=Pergola, codiceFiscale=123456789, email=m.per@gmail.com)
2025-08-06T09:21:13.705+02:00 DEBUG 10356 --- [projectJPA] [http-nio-9090-exec-6] c.b.j.s.implementations.MessaggioImpl    : getMessaggio: socio-exist
2025-08-06T09:21:19.478+02:00 DEBUG 10356 --- [projectJPA] [http-nio-9090-exec-5] c.b.j.s.implementations.SocioImpl        : Insert: SocioReq(id=1, nome=Michele, cognome=Pergola, codiceFiscale=123456789e, email=m.per@gmail.com)
2025-08-06T09:26:03.125+02:00  INFO 10356 --- [projectJPA] [RMI TCP Connection(11)-127.0.0.1] inMXBeanRegistrar$SpringApplicationAdmin : Application shutdown requested.
2025-08-06T09:26:03.129+02:00  INFO 10356 --- [projectJPA] [RMI TCP Connection(11)-127.0.0.1] o.s.b.w.e.tomcat.GracefulShutdown        : Commencing graceful shutdown. Waiting for active requests to complete
2025-08-06T09:26:03.136+02:00  INFO 10356 --- [projectJPA] [tomcat-shutdown] o.s.b.w.e.tomcat.GracefulShutdown        : Graceful shutdown complete
2025-08-06T09:26:03.141+02:00  INFO 10356 --- [projectJPA] [RMI TCP Connection(11)-127.0.0.1] j.LocalContainerEntityManagerFactoryBean : Closing JPA EntityManagerFactory for persistence unit 'default'
2025-08-06T09:26:03.145+02:00  INFO 10356 --- [projectJPA] [RMI TCP Connection(11)-127.0.0.1] com.zaxxer.hikari.HikariDataSource       : HikariPool-1 - Shutdown initiated...
2025-08-06T09:26:03.149+02:00  INFO 10356 --- [projectJPA] [RMI TCP Connection(11)-127.0.0.1] com.zaxxer.hikari.HikariDataSource       : HikariPool-1 - Shutdown completed.
