2025-08-03T19:09:57.024+02:00  INFO 9952 --- [projectJPA] [main] c.b.jpa.ProjectJpaApplicationTests       : Starting ProjectJpaApplicationTests using Java 21.0.7 with PID 9952 (started by Ho in C:\Users\Ho\eclipse-workspace\progetti-eclipse-betacom\Betacom\current_jpa-main)
2025-08-03T19:09:57.038+02:00 DEBUG 9952 --- [projectJPA] [main] c.b.jpa.ProjectJpaApplicationTests       : Running with Spring Boot v3.4.8-SNAPSHOT, Spring v6.2.9
2025-08-03T19:09:57.039+02:00  INFO 9952 --- [projectJPA] [main] c.b.jpa.ProjectJpaApplicationTests       : No active profile set, falling back to 1 default profile: "default"
2025-08-03T19:09:58.753+02:00  INFO 9952 --- [projectJPA] [main] .s.d.r.c.RepositoryConfigurationDelegate : Bootstrapping Spring Data JPA repositories in DEFAULT mode.
2025-08-03T19:09:58.945+02:00  INFO 9952 --- [projectJPA] [main] .s.d.r.c.RepositoryConfigurationDelegate : Finished Spring Data repository scanning in 169 ms. Found 5 JPA repository interfaces.
2025-08-03T19:09:59.731+02:00  INFO 9952 --- [projectJPA] [main] o.hibernate.jpa.internal.util.LogHelper  : HHH000204: Processing PersistenceUnitInfo [name: default]
2025-08-03T19:09:59.884+02:00  INFO 9952 --- [projectJPA] [main] org.hibernate.Version                    : HHH000412: Hibernate ORM core version 6.6.22.Final
2025-08-03T19:09:59.975+02:00  INFO 9952 --- [projectJPA] [main] o.h.c.internal.RegionFactoryInitiator    : HHH000026: Second-level cache disabled
2025-08-03T19:10:00.561+02:00  INFO 9952 --- [projectJPA] [main] o.s.o.j.p.SpringPersistenceUnitInfo      : No LoadTimeWeaver setup: ignoring JPA class transformer
2025-08-03T19:10:00.626+02:00  INFO 9952 --- [projectJPA] [main] com.zaxxer.hikari.HikariDataSource       : HikariPool-1 - Starting...
2025-08-03T19:10:01.131+02:00  INFO 9952 --- [projectJPA] [main] com.zaxxer.hikari.pool.HikariPool        : HikariPool-1 - Added connection conn0: url=jdbc:h2:mem:dbJPA user=SA
2025-08-03T19:10:01.135+02:00  INFO 9952 --- [projectJPA] [main] com.zaxxer.hikari.HikariDataSource       : HikariPool-1 - Start completed.
2025-08-03T19:10:01.277+02:00  INFO 9952 --- [projectJPA] [main] org.hibernate.orm.connections.pooling    : HHH10001005: Database info:
	Database JDBC URL [Connecting through datasource 'HikariDataSource (HikariPool-1)']
	Database driver: undefined/unknown
	Database version: 2.3.232
	Autocommit mode: undefined/unknown
	Isolation level: undefined/unknown
	Minimum pool size: undefined/unknown
	Maximum pool size: undefined/unknown
2025-08-03T19:10:01.870+02:00  WARN 9952 --- [projectJPA] [main] org.hibernate.mapping.RootClass          : HHH000038: Composite-id class does not override equals(): com.betacom.jpa.models.MessageId
2025-08-03T19:10:01.871+02:00  WARN 9952 --- [projectJPA] [main] org.hibernate.mapping.RootClass          : HHH000039: Composite-id class does not override hashCode(): com.betacom.jpa.models.MessageId
2025-08-03T19:10:03.152+02:00  INFO 9952 --- [projectJPA] [main] o.h.e.t.j.p.i.JtaPlatformInitiator       : HHH000489: No JTA platform available (set 'hibernate.transaction.jta.platform' to enable JTA platform integration)
2025-08-03T19:10:03.319+02:00  INFO 9952 --- [projectJPA] [main] j.LocalContainerEntityManagerFactoryBean : Initialized JPA EntityManagerFactory for persistence unit 'default'
2025-08-03T19:10:03.850+02:00  INFO 9952 --- [projectJPA] [main] o.s.d.j.r.query.QueryEnhancerFactory     : Hibernate is in classpath; If applicable, HQL parser will be used.
2025-08-03T19:10:05.809+02:00  WARN 9952 --- [projectJPA] [main] JpaBaseConfiguration$JpaWebConfiguration : spring.jpa.open-in-view is enabled by default. Therefore, database queries may be performed during view rendering. Explicitly configure spring.jpa.open-in-view to disable this warning
2025-08-03T19:10:06.542+02:00  INFO 9952 --- [projectJPA] [main] c.b.jpa.ProjectJpaApplicationTests       : Started ProjectJpaApplicationTests in 10.246 seconds (process running for 13.156)
2025-08-03T19:10:07.230+02:00  INFO 9952 --- [projectJPA] [main] t.c.s.AnnotationConfigContextLoaderUtils : Could not detect default configuration classes for test class [com.betacom.jpa.SocioServicesTest]: SocioServicesTest does not declare any static, non-private, non-final, nested classes annotated with @Configuration.
2025-08-03T19:10:07.234+02:00  INFO 9952 --- [projectJPA] [main] .b.t.c.SpringBootTestContextBootstrapper : Found @SpringBootConfiguration com.betacom.jpa.ProjectJpaApplication for test class com.betacom.jpa.SocioServicesTest
2025-08-03T19:10:07.242+02:00 DEBUG 9952 --- [projectJPA] [main] com.betacom.jpa.SocioServicesTest        : Create socio test
2025-08-03T19:10:07.255+02:00 DEBUG 9952 --- [projectJPA] [main] c.b.j.s.implementations.SocioImpl        : insert :SocioReq(id=null, cognome=Linati, nome=Simone, codiceFiscale=AND341J4N2LKM129, email=s.linati@gmail.com, errrorMsg=null)
2025-08-03T19:10:07.505+02:00 DEBUG 9952 --- [projectJPA] [main] c.b.j.s.implementations.SocioImpl        : list:null/null/null/null
2025-08-03T19:10:07.702+02:00 DEBUG 9952 --- [projectJPA] [main] c.b.j.s.implementations.SocioImpl        : insert :SocioReq(id=null, cognome=Bianchi, nome=Andrea, codiceFiscale=CUM28398H2M3N4J1, email=a.bianchi@gmail.com, errrorMsg=null)
2025-08-03T19:10:07.707+02:00 DEBUG 9952 --- [projectJPA] [main] c.b.j.s.implementations.SocioImpl        : list:null/null/null/null
2025-08-03T19:10:07.715+02:00 DEBUG 9952 --- [projectJPA] [main] com.betacom.jpa.SocioServicesTest        : SocioDTO(id=1, cognome=Linati, nome=Simone, codiceFiscale=AND341J4N2LKM129, email=s.linati@gmail.com, certificato=null, abbonamento=[])
2025-08-03T19:10:07.715+02:00 DEBUG 9952 --- [projectJPA] [main] com.betacom.jpa.SocioServicesTest        : SocioDTO(id=2, cognome=Bianchi, nome=Andrea, codiceFiscale=CUM28398H2M3N4J1, email=a.bianchi@gmail.com, certificato=null, abbonamento=[])
2025-08-03T19:10:07.723+02:00  INFO 9952 --- [projectJPA] [main] t.c.s.AnnotationConfigContextLoaderUtils : Could not detect default configuration classes for test class [com.betacom.jpa.SocioControllerTest]: SocioControllerTest does not declare any static, non-private, non-final, nested classes annotated with @Configuration.
2025-08-03T19:10:07.726+02:00  INFO 9952 --- [projectJPA] [main] .b.t.c.SpringBootTestContextBootstrapper : Found @SpringBootConfiguration com.betacom.jpa.ProjectJpaApplication for test class com.betacom.jpa.SocioControllerTest
2025-08-03T19:10:07.731+02:00 DEBUG 9952 --- [projectJPA] [main] com.betacom.jpa.SocioControllerTest      : Test Update Socio
2025-08-03T19:10:07.732+02:00 DEBUG 9952 --- [projectJPA] [main] c.b.j.s.implementations.SocioImpl        : Update :SocioReq(id=2, cognome=null, nome=Gabriele, codiceFiscale=123456789, email=null, errrorMsg=null)
2025-08-03T19:10:07.747+02:00 DEBUG 9952 --- [projectJPA] [main] c.b.j.s.implementations.SocioImpl        : update codice fiscale
2025-08-03T19:10:07.768+02:00 DEBUG 9952 --- [projectJPA] [main] c.b.j.s.implementations.SocioImpl        : getSocio :2
2025-08-03T19:10:07.780+02:00 DEBUG 9952 --- [projectJPA] [main] com.betacom.jpa.SocioControllerTest      : Test Get Socio
2025-08-03T19:10:07.782+02:00 DEBUG 9952 --- [projectJPA] [main] c.b.j.s.implementations.SocioImpl        : getSocio :1
2025-08-03T19:10:07.790+02:00 DEBUG 9952 --- [projectJPA] [main] com.betacom.jpa.SocioControllerTest      : Test Get Socio Errore
2025-08-03T19:10:07.791+02:00 DEBUG 9952 --- [projectJPA] [main] c.b.j.s.implementations.SocioImpl        : getSocio :66
2025-08-03T19:10:07.795+02:00 DEBUG 9952 --- [projectJPA] [main] c.b.j.s.implementations.MessaggioImpl    : getMessaggio :socio-not-exist
2025-08-03T19:10:07.807+02:00 DEBUG 9952 --- [projectJPA] [main] com.betacom.jpa.SocioControllerTest      : Test List Socio
2025-08-03T19:10:07.808+02:00 DEBUG 9952 --- [projectJPA] [main] c.b.j.s.implementations.SocioImpl        : list:null/Simone/null/null
2025-08-03T19:10:07.821+02:00 DEBUG 9952 --- [projectJPA] [main] com.betacom.jpa.SocioControllerTest      : Test Create Socio
2025-08-03T19:10:07.822+02:00 DEBUG 9952 --- [projectJPA] [main] c.b.j.s.implementations.SocioImpl        : insert :SocioReq(id=null, cognome=Tazzari, nome=Gabriele, codiceFiscale=ASDQWHDJASHKKAJ, email=g.tazzari@gmail.com, errrorMsg=null)
2025-08-03T19:10:07.833+02:00  INFO 9952 --- [projectJPA] [main] t.c.s.AnnotationConfigContextLoaderUtils : Could not detect default configuration classes for test class [com.betacom.jpa.CertificatoControllerTest]: CertificatoControllerTest does not declare any static, non-private, non-final, nested classes annotated with @Configuration.
2025-08-03T19:10:07.835+02:00  INFO 9952 --- [projectJPA] [main] .b.t.c.SpringBootTestContextBootstrapper : Found @SpringBootConfiguration com.betacom.jpa.ProjectJpaApplication for test class com.betacom.jpa.CertificatoControllerTest
2025-08-03T19:10:07.842+02:00 DEBUG 9952 --- [projectJPA] [main] c.betacom.jpa.CertificatoControllerTest  : Test Create Certificato
2025-08-03T19:10:07.843+02:00 DEBUG 9952 --- [projectJPA] [main] c.b.j.s.implementations.CertificatoImpl  : create :CertificatoReq(id=null, tipo=false, dataCertificato=2025-08-03, socioId=1)
2025-08-03T19:10:07.856+02:00  INFO 9952 --- [projectJPA] [main] t.c.s.AnnotationConfigContextLoaderUtils : Could not detect default configuration classes for test class [com.betacom.jpa.AttivitaControllerTest]: AttivitaControllerTest does not declare any static, non-private, non-final, nested classes annotated with @Configuration.
2025-08-03T19:10:07.858+02:00  INFO 9952 --- [projectJPA] [main] .b.t.c.SpringBootTestContextBootstrapper : Found @SpringBootConfiguration com.betacom.jpa.ProjectJpaApplication for test class com.betacom.jpa.AttivitaControllerTest
2025-08-03T19:10:07.864+02:00 DEBUG 9952 --- [projectJPA] [main] com.betacom.jpa.AttivitaControllerTest   : Test Create Attivita
2025-08-03T19:10:07.866+02:00 DEBUG 9952 --- [projectJPA] [main] c.b.j.s.implementations.AttivitaImpl     : create :AttivitaReq(id=null, descrizione=Yoga, prezzo=10, abbonamentiId=null)
2025-08-03T19:10:07.873+02:00 DEBUG 9952 --- [projectJPA] [main] c.b.j.s.implementations.AttivitaImpl     : create :AttivitaReq(id=null, descrizione=Pilates, prezzo=12, abbonamentiId=null)
2025-08-03T19:10:07.877+02:00 DEBUG 9952 --- [projectJPA] [main] c.b.j.s.implementations.AttivitaImpl     : create :AttivitaReq(id=null, descrizione=Posturale, prezzo=15, abbonamentiId=null)
2025-08-03T19:10:07.888+02:00 DEBUG 9952 --- [projectJPA] [main] com.betacom.jpa.AttivitaControllerTest   : Test List Attività
2025-08-03T19:10:07.888+02:00 DEBUG 9952 --- [projectJPA] [main] c.b.j.s.implementations.AttivitaImpl     : List
2025-08-03T19:10:07.908+02:00  INFO 9952 --- [projectJPA] [main] t.c.s.AnnotationConfigContextLoaderUtils : Could not detect default configuration classes for test class [com.betacom.jpa.AbbonamentoControllerTest]: AbbonamentoControllerTest does not declare any static, non-private, non-final, nested classes annotated with @Configuration.
2025-08-03T19:10:07.913+02:00  INFO 9952 --- [projectJPA] [main] .b.t.c.SpringBootTestContextBootstrapper : Found @SpringBootConfiguration com.betacom.jpa.ProjectJpaApplication for test class com.betacom.jpa.AbbonamentoControllerTest
2025-08-03T19:10:07.919+02:00 DEBUG 9952 --- [projectJPA] [main] c.betacom.jpa.AbbonamentoControllerTest  : Test create attivit per un abbonamento
2025-08-03T19:10:07.923+02:00 DEBUG 9952 --- [projectJPA] [main] c.betacom.jpa.AbbonamentoControllerTest  : AttivitaCreate:0
2025-08-03T19:10:07.924+02:00 DEBUG 9952 --- [projectJPA] [main] c.b.j.s.implementations.AttivitaImpl     : createAttivitaAbbonamento :AttivitaReq(id=2, descrizione=null, prezzo=null, abbonamentiId=1)
2025-08-03T19:10:07.929+02:00 DEBUG 9952 --- [projectJPA] [main] c.betacom.jpa.AbbonamentoControllerTest  : Abbonamento non presente in database :1
2025-08-03T19:10:07.949+02:00 DEBUG 9952 --- [projectJPA] [main] c.betacom.jpa.AbbonamentoControllerTest  : Create Abbonamento Test
2025-08-03T19:10:07.951+02:00 DEBUG 9952 --- [projectJPA] [main] c.b.j.s.implementations.AbbonamentoImpl  : create :AbbonamentoReq(id=null, dataIscrizione=2025-08-03, socioId=1)
2025-08-03T19:10:07.957+02:00 DEBUG 9952 --- [projectJPA] [main] c.b.j.s.implementations.AbbonamentoImpl  : create :AbbonamentoReq(id=null, dataIscrizione=2025-08-03, socioId=2)
2025-08-03T19:10:07.965+02:00 DEBUG 9952 --- [projectJPA] [main] c.betacom.jpa.AbbonamentoControllerTest  : Create:1
2025-08-03T19:10:07.969+02:00 DEBUG 9952 --- [projectJPA] [main] c.betacom.jpa.AbbonamentoControllerTest  : Test delete attivit per un abbonamento
2025-08-03T19:10:07.975+02:00 DEBUG 9952 --- [projectJPA] [main] c.b.j.s.implementations.AttivitaImpl     : Attivita size:0
2025-08-03T19:10:07.977+02:00 DEBUG 9952 --- [projectJPA] [main] c.b.j.s.implementations.AttivitaImpl     : After Attivita size:0
2025-08-03T19:10:08.792+02:00  INFO 9952 --- [projectJPA] [SpringApplicationShutdownHook] j.LocalContainerEntityManagerFactoryBean : Closing JPA EntityManagerFactory for persistence unit 'default'
2025-08-03T19:10:08.847+02:00  INFO 9952 --- [projectJPA] [SpringApplicationShutdownHook] com.zaxxer.hikari.HikariDataSource       : HikariPool-1 - Shutdown initiated...
2025-08-03T19:10:08.866+02:00  INFO 9952 --- [projectJPA] [SpringApplicationShutdownHook] com.zaxxer.hikari.HikariDataSource       : HikariPool-1 - Shutdown completed.
2025-08-03T19:46:59.152+02:00  INFO 19212 --- [projectJPA] [main] c.b.jpa.ProjectJpaApplicationTests       : Starting ProjectJpaApplicationTests using Java 21.0.7 with PID 19212 (started by Ho in C:\Users\Ho\eclipse-workspace\progetti-eclipse-betacom\Betacom\current_jpa-main)
2025-08-03T19:46:59.155+02:00 DEBUG 19212 --- [projectJPA] [main] c.b.jpa.ProjectJpaApplicationTests       : Running with Spring Boot v3.4.8-SNAPSHOT, Spring v6.2.9
2025-08-03T19:46:59.156+02:00  INFO 19212 --- [projectJPA] [main] c.b.jpa.ProjectJpaApplicationTests       : No active profile set, falling back to 1 default profile: "default"
2025-08-03T19:47:00.759+02:00  INFO 19212 --- [projectJPA] [main] .s.d.r.c.RepositoryConfigurationDelegate : Bootstrapping Spring Data JPA repositories in DEFAULT mode.
2025-08-03T19:47:00.884+02:00  INFO 19212 --- [projectJPA] [main] .s.d.r.c.RepositoryConfigurationDelegate : Finished Spring Data repository scanning in 107 ms. Found 5 JPA repository interfaces.
2025-08-03T19:47:01.448+02:00  INFO 19212 --- [projectJPA] [main] o.hibernate.jpa.internal.util.LogHelper  : HHH000204: Processing PersistenceUnitInfo [name: default]
2025-08-03T19:47:01.539+02:00  INFO 19212 --- [projectJPA] [main] org.hibernate.Version                    : HHH000412: Hibernate ORM core version 6.6.22.Final
2025-08-03T19:47:01.602+02:00  INFO 19212 --- [projectJPA] [main] o.h.c.internal.RegionFactoryInitiator    : HHH000026: Second-level cache disabled
2025-08-03T19:47:02.117+02:00  INFO 19212 --- [projectJPA] [main] o.s.o.j.p.SpringPersistenceUnitInfo      : No LoadTimeWeaver setup: ignoring JPA class transformer
2025-08-03T19:47:02.180+02:00  INFO 19212 --- [projectJPA] [main] com.zaxxer.hikari.HikariDataSource       : HikariPool-1 - Starting...
2025-08-03T19:47:02.615+02:00  INFO 19212 --- [projectJPA] [main] com.zaxxer.hikari.pool.HikariPool        : HikariPool-1 - Added connection conn0: url=jdbc:h2:mem:dbJPA user=SA
2025-08-03T19:47:02.643+02:00  INFO 19212 --- [projectJPA] [main] com.zaxxer.hikari.HikariDataSource       : HikariPool-1 - Start completed.
2025-08-03T19:47:02.764+02:00  INFO 19212 --- [projectJPA] [main] org.hibernate.orm.connections.pooling    : HHH10001005: Database info:
	Database JDBC URL [Connecting through datasource 'HikariDataSource (HikariPool-1)']
	Database driver: undefined/unknown
	Database version: 2.3.232
	Autocommit mode: undefined/unknown
	Isolation level: undefined/unknown
	Minimum pool size: undefined/unknown
	Maximum pool size: undefined/unknown
2025-08-03T19:47:03.345+02:00  WARN 19212 --- [projectJPA] [main] org.hibernate.mapping.RootClass          : HHH000038: Composite-id class does not override equals(): com.betacom.jpa.models.MessageId
2025-08-03T19:47:03.346+02:00  WARN 19212 --- [projectJPA] [main] org.hibernate.mapping.RootClass          : HHH000039: Composite-id class does not override hashCode(): com.betacom.jpa.models.MessageId
2025-08-03T19:47:04.422+02:00  INFO 19212 --- [projectJPA] [main] o.h.e.t.j.p.i.JtaPlatformInitiator       : HHH000489: No JTA platform available (set 'hibernate.transaction.jta.platform' to enable JTA platform integration)
2025-08-03T19:47:04.555+02:00  INFO 19212 --- [projectJPA] [main] j.LocalContainerEntityManagerFactoryBean : Initialized JPA EntityManagerFactory for persistence unit 'default'
2025-08-03T19:47:04.956+02:00  INFO 19212 --- [projectJPA] [main] o.s.d.j.r.query.QueryEnhancerFactory     : Hibernate is in classpath; If applicable, HQL parser will be used.
2025-08-03T19:47:06.568+02:00  WARN 19212 --- [projectJPA] [main] JpaBaseConfiguration$JpaWebConfiguration : spring.jpa.open-in-view is enabled by default. Therefore, database queries may be performed during view rendering. Explicitly configure spring.jpa.open-in-view to disable this warning
2025-08-03T19:47:07.266+02:00  INFO 19212 --- [projectJPA] [main] c.b.jpa.ProjectJpaApplicationTests       : Started ProjectJpaApplicationTests in 8.834 seconds (process running for 17.665)
2025-08-03T19:47:07.892+02:00  INFO 19212 --- [projectJPA] [main] t.c.s.AnnotationConfigContextLoaderUtils : Could not detect default configuration classes for test class [com.betacom.jpa.SocioServicesTest]: SocioServicesTest does not declare any static, non-private, non-final, nested classes annotated with @Configuration.
2025-08-03T19:47:07.894+02:00  INFO 19212 --- [projectJPA] [main] .b.t.c.SpringBootTestContextBootstrapper : Found @SpringBootConfiguration com.betacom.jpa.ProjectJpaApplication for test class com.betacom.jpa.SocioServicesTest
2025-08-03T19:47:07.915+02:00 DEBUG 19212 --- [projectJPA] [main] c.b.j.s.implementations.SocioImpl        : insert :SocioReq(id=null, cognome=Linati, nome=Simone, codiceFiscale=AND341J4N2LKM109, email=s.linati@gmail.com, errrorMsg=null)
2025-08-03T19:47:08.126+02:00 DEBUG 19212 --- [projectJPA] [main] com.betacom.jpa.SocioServicesTest        : Create socio test
2025-08-03T19:47:08.127+02:00 DEBUG 19212 --- [projectJPA] [main] c.b.j.s.implementations.SocioImpl        : insert :SocioReq(id=null, cognome=Linati, nome=Simone, codiceFiscale=AND341J4N2LKM129, email=s.linati@gmail.com, errrorMsg=null)
2025-08-03T19:47:08.132+02:00 DEBUG 19212 --- [projectJPA] [main] c.b.j.s.implementations.SocioImpl        : list:null/null/null/null
2025-08-03T19:47:08.292+02:00 DEBUG 19212 --- [projectJPA] [main] c.b.j.s.implementations.SocioImpl        : insert :SocioReq(id=null, cognome=Bianchi, nome=Andrea, codiceFiscale=CUM28398H2M3N4J1, email=a.bianchi@gmail.com, errrorMsg=null)
2025-08-03T19:47:08.296+02:00 DEBUG 19212 --- [projectJPA] [main] c.b.j.s.implementations.SocioImpl        : list:null/null/null/null
2025-08-03T19:47:08.301+02:00 DEBUG 19212 --- [projectJPA] [main] com.betacom.jpa.SocioServicesTest        : SocioDTO(id=1, cognome=Linati, nome=Simone, codiceFiscale=AND341J4N2LKM109, email=s.linati@gmail.com, certificato=null, abbonamento=[])
2025-08-03T19:47:08.301+02:00 DEBUG 19212 --- [projectJPA] [main] com.betacom.jpa.SocioServicesTest        : SocioDTO(id=2, cognome=Linati, nome=Simone, codiceFiscale=AND341J4N2LKM129, email=s.linati@gmail.com, certificato=null, abbonamento=[])
2025-08-03T19:47:08.303+02:00 DEBUG 19212 --- [projectJPA] [main] com.betacom.jpa.SocioServicesTest        : SocioDTO(id=3, cognome=Bianchi, nome=Andrea, codiceFiscale=CUM28398H2M3N4J1, email=a.bianchi@gmail.com, certificato=null, abbonamento=[])
2025-08-03T19:47:08.309+02:00  INFO 19212 --- [projectJPA] [main] t.c.s.AnnotationConfigContextLoaderUtils : Could not detect default configuration classes for test class [com.betacom.jpa.SocioControllerTest]: SocioControllerTest does not declare any static, non-private, non-final, nested classes annotated with @Configuration.
2025-08-03T19:47:08.311+02:00  INFO 19212 --- [projectJPA] [main] .b.t.c.SpringBootTestContextBootstrapper : Found @SpringBootConfiguration com.betacom.jpa.ProjectJpaApplication for test class com.betacom.jpa.SocioControllerTest
2025-08-03T19:47:08.318+02:00 DEBUG 19212 --- [projectJPA] [main] com.betacom.jpa.SocioControllerTest      : Test Update Socio
2025-08-03T19:47:08.320+02:00 DEBUG 19212 --- [projectJPA] [main] c.b.j.s.implementations.SocioImpl        : Update :SocioReq(id=2, cognome=null, nome=Gabriele, codiceFiscale=123456789, email=null, errrorMsg=null)
2025-08-03T19:47:08.334+02:00 DEBUG 19212 --- [projectJPA] [main] c.b.j.s.implementations.SocioImpl        : update codice fiscale
2025-08-03T19:47:08.355+02:00 DEBUG 19212 --- [projectJPA] [main] c.b.j.s.implementations.SocioImpl        : getSocio :2
2025-08-03T19:47:08.365+02:00 DEBUG 19212 --- [projectJPA] [main] com.betacom.jpa.SocioControllerTest      : Test Get Socio
2025-08-03T19:47:08.365+02:00 DEBUG 19212 --- [projectJPA] [main] c.b.j.s.implementations.SocioImpl        : getSocio :1
2025-08-03T19:47:08.373+02:00 DEBUG 19212 --- [projectJPA] [main] com.betacom.jpa.SocioControllerTest      : Test Get Socio Errore
2025-08-03T19:47:08.373+02:00 DEBUG 19212 --- [projectJPA] [main] c.b.j.s.implementations.SocioImpl        : getSocio :99
2025-08-03T19:47:08.375+02:00 DEBUG 19212 --- [projectJPA] [main] c.b.j.s.implementations.MessaggioImpl    : getMessaggio :socio-not-exist
2025-08-03T19:47:08.386+02:00 DEBUG 19212 --- [projectJPA] [main] com.betacom.jpa.SocioControllerTest      : Test List Socio
2025-08-03T19:47:08.387+02:00 DEBUG 19212 --- [projectJPA] [main] c.b.j.s.implementations.SocioImpl        : list:null/Simone/null/null
2025-08-03T19:47:08.399+02:00 DEBUG 19212 --- [projectJPA] [main] com.betacom.jpa.SocioControllerTest      : Test Create Socio
2025-08-03T19:47:08.399+02:00 DEBUG 19212 --- [projectJPA] [main] c.b.j.s.implementations.SocioImpl        : insert :SocioReq(id=null, cognome=Viola, nome=Anna, codiceFiscale=10987654321, email=a.viola@gmail.com, errrorMsg=null)
2025-08-03T19:47:08.409+02:00  INFO 19212 --- [projectJPA] [main] t.c.s.AnnotationConfigContextLoaderUtils : Could not detect default configuration classes for test class [com.betacom.jpa.CertificatoControllerTest]: CertificatoControllerTest does not declare any static, non-private, non-final, nested classes annotated with @Configuration.
2025-08-03T19:47:08.412+02:00  INFO 19212 --- [projectJPA] [main] .b.t.c.SpringBootTestContextBootstrapper : Found @SpringBootConfiguration com.betacom.jpa.ProjectJpaApplication for test class com.betacom.jpa.CertificatoControllerTest
2025-08-03T19:47:08.419+02:00 DEBUG 19212 --- [projectJPA] [main] c.betacom.jpa.CertificatoControllerTest  : Test Create Certificato
2025-08-03T19:47:08.421+02:00 DEBUG 19212 --- [projectJPA] [main] c.b.j.s.implementations.CertificatoImpl  : create :CertificatoReq(id=null, tipo=false, dataCertificato=2025-08-03, socioId=1)
2025-08-03T19:47:08.434+02:00  INFO 19212 --- [projectJPA] [main] t.c.s.AnnotationConfigContextLoaderUtils : Could not detect default configuration classes for test class [com.betacom.jpa.AttivitaControllerTest]: AttivitaControllerTest does not declare any static, non-private, non-final, nested classes annotated with @Configuration.
2025-08-03T19:47:08.436+02:00  INFO 19212 --- [projectJPA] [main] .b.t.c.SpringBootTestContextBootstrapper : Found @SpringBootConfiguration com.betacom.jpa.ProjectJpaApplication for test class com.betacom.jpa.AttivitaControllerTest
2025-08-03T19:47:08.442+02:00 DEBUG 19212 --- [projectJPA] [main] com.betacom.jpa.AttivitaControllerTest   : Test Create Attivita
2025-08-03T19:47:08.443+02:00 DEBUG 19212 --- [projectJPA] [main] c.b.j.s.implementations.AttivitaImpl     : create :AttivitaReq(id=null, descrizione=Yoga, prezzo=10, abbonamentiId=null)
2025-08-03T19:47:08.451+02:00 DEBUG 19212 --- [projectJPA] [main] c.b.j.s.implementations.AttivitaImpl     : create :AttivitaReq(id=null, descrizione=Pilates, prezzo=12, abbonamentiId=null)
2025-08-03T19:47:08.455+02:00 DEBUG 19212 --- [projectJPA] [main] c.b.j.s.implementations.AttivitaImpl     : create :AttivitaReq(id=null, descrizione=Posturale, prezzo=15, abbonamentiId=null)
2025-08-03T19:47:08.463+02:00 DEBUG 19212 --- [projectJPA] [main] com.betacom.jpa.AttivitaControllerTest   : Test List Attività
2025-08-03T19:47:08.463+02:00 DEBUG 19212 --- [projectJPA] [main] c.b.j.s.implementations.AttivitaImpl     : List
2025-08-03T19:47:08.479+02:00  INFO 19212 --- [projectJPA] [main] t.c.s.AnnotationConfigContextLoaderUtils : Could not detect default configuration classes for test class [com.betacom.jpa.AbbonamentoControllerTest]: AbbonamentoControllerTest does not declare any static, non-private, non-final, nested classes annotated with @Configuration.
2025-08-03T19:47:08.480+02:00  INFO 19212 --- [projectJPA] [main] .b.t.c.SpringBootTestContextBootstrapper : Found @SpringBootConfiguration com.betacom.jpa.ProjectJpaApplication for test class com.betacom.jpa.AbbonamentoControllerTest
2025-08-03T19:47:08.486+02:00 DEBUG 19212 --- [projectJPA] [main] c.betacom.jpa.AbbonamentoControllerTest  : Test create attività per un abbonamento
2025-08-03T19:47:08.487+02:00 DEBUG 19212 --- [projectJPA] [main] c.b.j.s.implementations.AttivitaImpl     : createAttivitaAbbonamento :AttivitaReq(id=2, descrizione=null, prezzo=null, abbonamentiId=1)
2025-08-03T19:47:08.517+02:00 DEBUG 19212 --- [projectJPA] [main] c.betacom.jpa.AbbonamentoControllerTest  : Test delete attività per un abbonamento
2025-08-03T19:47:08.519+02:00 DEBUG 19212 --- [projectJPA] [main] c.b.j.s.implementations.MessaggioImpl    : getMessaggio :no-abbo
2025-08-03T19:47:08.528+02:00 DEBUG 19212 --- [projectJPA] [main] c.betacom.jpa.AbbonamentoControllerTest  : Create Abbonamento Test
2025-08-03T19:47:08.529+02:00 DEBUG 19212 --- [projectJPA] [main] c.b.j.s.implementations.AbbonamentoImpl  : create :AbbonamentoReq(id=null, dataIscrizione=2025-08-03, socioId=1)
2025-08-03T19:47:08.536+02:00 DEBUG 19212 --- [projectJPA] [main] c.b.j.s.implementations.AbbonamentoImpl  : create :AbbonamentoReq(id=null, dataIscrizione=2025-08-03, socioId=2)
2025-08-03T19:47:08.544+02:00 DEBUG 19212 --- [projectJPA] [main] c.betacom.jpa.AbbonamentoControllerTest  : Test delete attività per un abbonamento
2025-08-03T19:47:08.548+02:00 DEBUG 19212 --- [projectJPA] [main] c.b.j.s.implementations.AttivitaImpl     : Attivita size:0
2025-08-03T19:47:08.550+02:00 DEBUG 19212 --- [projectJPA] [main] c.b.j.s.implementations.AttivitaImpl     : After Attivita size:0
2025-08-03T19:47:09.478+02:00  INFO 19212 --- [projectJPA] [SpringApplicationShutdownHook] j.LocalContainerEntityManagerFactoryBean : Closing JPA EntityManagerFactory for persistence unit 'default'
2025-08-03T19:47:09.481+02:00  INFO 19212 --- [projectJPA] [SpringApplicationShutdownHook] com.zaxxer.hikari.HikariDataSource       : HikariPool-1 - Shutdown initiated...
2025-08-03T19:47:09.503+02:00  INFO 19212 --- [projectJPA] [SpringApplicationShutdownHook] com.zaxxer.hikari.HikariDataSource       : HikariPool-1 - Shutdown completed.
2025-08-03T19:51:58.688+02:00  INFO 4012 --- [projectJPA] [main] c.b.jpa.ProjectJpaApplicationTests       : Starting ProjectJpaApplicationTests using Java 21.0.7 with PID 4012 (started by Ho in C:\Users\Ho\eclipse-workspace\progetti-eclipse-betacom\Betacom\current_jpa-main)
2025-08-03T19:51:58.692+02:00 DEBUG 4012 --- [projectJPA] [main] c.b.jpa.ProjectJpaApplicationTests       : Running with Spring Boot v3.4.8-SNAPSHOT, Spring v6.2.9
2025-08-03T19:51:58.693+02:00  INFO 4012 --- [projectJPA] [main] c.b.jpa.ProjectJpaApplicationTests       : No active profile set, falling back to 1 default profile: "default"
2025-08-03T19:52:00.278+02:00  INFO 4012 --- [projectJPA] [main] .s.d.r.c.RepositoryConfigurationDelegate : Bootstrapping Spring Data JPA repositories in DEFAULT mode.
2025-08-03T19:52:00.423+02:00  INFO 4012 --- [projectJPA] [main] .s.d.r.c.RepositoryConfigurationDelegate : Finished Spring Data repository scanning in 124 ms. Found 5 JPA repository interfaces.
2025-08-03T19:52:01.167+02:00  INFO 4012 --- [projectJPA] [main] o.hibernate.jpa.internal.util.LogHelper  : HHH000204: Processing PersistenceUnitInfo [name: default]
2025-08-03T19:52:01.313+02:00  INFO 4012 --- [projectJPA] [main] org.hibernate.Version                    : HHH000412: Hibernate ORM core version 6.6.22.Final
2025-08-03T19:52:01.392+02:00  INFO 4012 --- [projectJPA] [main] o.h.c.internal.RegionFactoryInitiator    : HHH000026: Second-level cache disabled
2025-08-03T19:52:02.024+02:00  INFO 4012 --- [projectJPA] [main] o.s.o.j.p.SpringPersistenceUnitInfo      : No LoadTimeWeaver setup: ignoring JPA class transformer
2025-08-03T19:52:02.093+02:00  INFO 4012 --- [projectJPA] [main] com.zaxxer.hikari.HikariDataSource       : HikariPool-1 - Starting...
2025-08-03T19:52:02.656+02:00  INFO 4012 --- [projectJPA] [main] com.zaxxer.hikari.pool.HikariPool        : HikariPool-1 - Added connection conn0: url=jdbc:h2:mem:dbJPA user=SA
2025-08-03T19:52:02.661+02:00  INFO 4012 --- [projectJPA] [main] com.zaxxer.hikari.HikariDataSource       : HikariPool-1 - Start completed.
2025-08-03T19:52:02.811+02:00  INFO 4012 --- [projectJPA] [main] org.hibernate.orm.connections.pooling    : HHH10001005: Database info:
	Database JDBC URL [Connecting through datasource 'HikariDataSource (HikariPool-1)']
	Database driver: undefined/unknown
	Database version: 2.3.232
	Autocommit mode: undefined/unknown
	Isolation level: undefined/unknown
	Minimum pool size: undefined/unknown
	Maximum pool size: undefined/unknown
2025-08-03T19:52:03.526+02:00  WARN 4012 --- [projectJPA] [main] org.hibernate.mapping.RootClass          : HHH000038: Composite-id class does not override equals(): com.betacom.jpa.models.MessageId
2025-08-03T19:52:03.527+02:00  WARN 4012 --- [projectJPA] [main] org.hibernate.mapping.RootClass          : HHH000039: Composite-id class does not override hashCode(): com.betacom.jpa.models.MessageId
2025-08-03T19:52:04.710+02:00  INFO 4012 --- [projectJPA] [main] o.h.e.t.j.p.i.JtaPlatformInitiator       : HHH000489: No JTA platform available (set 'hibernate.transaction.jta.platform' to enable JTA platform integration)
2025-08-03T19:52:04.838+02:00  INFO 4012 --- [projectJPA] [main] j.LocalContainerEntityManagerFactoryBean : Initialized JPA EntityManagerFactory for persistence unit 'default'
2025-08-03T19:52:05.284+02:00  INFO 4012 --- [projectJPA] [main] o.s.d.j.r.query.QueryEnhancerFactory     : Hibernate is in classpath; If applicable, HQL parser will be used.
2025-08-03T19:52:06.901+02:00  WARN 4012 --- [projectJPA] [main] JpaBaseConfiguration$JpaWebConfiguration : spring.jpa.open-in-view is enabled by default. Therefore, database queries may be performed during view rendering. Explicitly configure spring.jpa.open-in-view to disable this warning
2025-08-03T19:52:07.587+02:00  INFO 4012 --- [projectJPA] [main] c.b.jpa.ProjectJpaApplicationTests       : Started ProjectJpaApplicationTests in 9.595 seconds (process running for 12.242)
2025-08-03T19:52:08.218+02:00  INFO 4012 --- [projectJPA] [main] t.c.s.AnnotationConfigContextLoaderUtils : Could not detect default configuration classes for test class [com.betacom.jpa.SocioServicesTest]: SocioServicesTest does not declare any static, non-private, non-final, nested classes annotated with @Configuration.
2025-08-03T19:52:08.223+02:00  INFO 4012 --- [projectJPA] [main] .b.t.c.SpringBootTestContextBootstrapper : Found @SpringBootConfiguration com.betacom.jpa.ProjectJpaApplication for test class com.betacom.jpa.SocioServicesTest
2025-08-03T19:52:08.249+02:00 DEBUG 4012 --- [projectJPA] [main] c.b.j.s.implementations.SocioImpl        : insert :SocioReq(id=null, cognome=Linati, nome=Simone, codiceFiscale=AND341J4N2LKM109, email=s.linati@gmail.com, errrorMsg=null)
2025-08-03T19:52:08.461+02:00 DEBUG 4012 --- [projectJPA] [main] com.betacom.jpa.SocioServicesTest        : Create socio test
2025-08-03T19:52:08.462+02:00 DEBUG 4012 --- [projectJPA] [main] c.b.j.s.implementations.SocioImpl        : insert :SocioReq(id=null, cognome=Linati, nome=Simone, codiceFiscale=AND341J4N2LKM129, email=s.linati@gmail.com, errrorMsg=null)
2025-08-03T19:52:08.468+02:00 DEBUG 4012 --- [projectJPA] [main] c.b.j.s.implementations.SocioImpl        : list:null/null/null/null
2025-08-03T19:52:08.622+02:00 DEBUG 4012 --- [projectJPA] [main] c.b.j.s.implementations.SocioImpl        : insert :SocioReq(id=null, cognome=Bianchi, nome=Andrea, codiceFiscale=CUM28398H2M3N4J1, email=a.bianchi@gmail.com, errrorMsg=null)
2025-08-03T19:52:08.627+02:00 DEBUG 4012 --- [projectJPA] [main] c.b.j.s.implementations.SocioImpl        : list:null/null/null/null
2025-08-03T19:52:08.634+02:00 DEBUG 4012 --- [projectJPA] [main] com.betacom.jpa.SocioServicesTest        : SocioDTO(id=1, cognome=Linati, nome=Simone, codiceFiscale=AND341J4N2LKM109, email=s.linati@gmail.com, certificato=null, abbonamento=[])
2025-08-03T19:52:08.634+02:00 DEBUG 4012 --- [projectJPA] [main] com.betacom.jpa.SocioServicesTest        : SocioDTO(id=2, cognome=Linati, nome=Simone, codiceFiscale=AND341J4N2LKM129, email=s.linati@gmail.com, certificato=null, abbonamento=[])
2025-08-03T19:52:08.635+02:00 DEBUG 4012 --- [projectJPA] [main] com.betacom.jpa.SocioServicesTest        : SocioDTO(id=3, cognome=Bianchi, nome=Andrea, codiceFiscale=CUM28398H2M3N4J1, email=a.bianchi@gmail.com, certificato=null, abbonamento=[])
2025-08-03T19:52:08.641+02:00  INFO 4012 --- [projectJPA] [main] t.c.s.AnnotationConfigContextLoaderUtils : Could not detect default configuration classes for test class [com.betacom.jpa.SocioControllerTest]: SocioControllerTest does not declare any static, non-private, non-final, nested classes annotated with @Configuration.
2025-08-03T19:52:08.643+02:00  INFO 4012 --- [projectJPA] [main] .b.t.c.SpringBootTestContextBootstrapper : Found @SpringBootConfiguration com.betacom.jpa.ProjectJpaApplication for test class com.betacom.jpa.SocioControllerTest
2025-08-03T19:52:08.648+02:00 DEBUG 4012 --- [projectJPA] [main] com.betacom.jpa.SocioControllerTest      : Test Update Socio
2025-08-03T19:52:08.649+02:00 DEBUG 4012 --- [projectJPA] [main] c.b.j.s.implementations.SocioImpl        : Update :SocioReq(id=2, cognome=null, nome=Gabriele, codiceFiscale=123456789, email=null, errrorMsg=null)
2025-08-03T19:52:08.664+02:00 DEBUG 4012 --- [projectJPA] [main] c.b.j.s.implementations.SocioImpl        : update codice fiscale
2025-08-03T19:52:08.687+02:00 DEBUG 4012 --- [projectJPA] [main] c.b.j.s.implementations.SocioImpl        : getSocio :2
2025-08-03T19:52:08.696+02:00 DEBUG 4012 --- [projectJPA] [main] com.betacom.jpa.SocioControllerTest      : Test Get Socio
2025-08-03T19:52:08.697+02:00 DEBUG 4012 --- [projectJPA] [main] c.b.j.s.implementations.SocioImpl        : getSocio :1
2025-08-03T19:52:08.705+02:00 DEBUG 4012 --- [projectJPA] [main] com.betacom.jpa.SocioControllerTest      : Test Get Socio Errore
2025-08-03T19:52:08.706+02:00 DEBUG 4012 --- [projectJPA] [main] c.b.j.s.implementations.SocioImpl        : getSocio :99
2025-08-03T19:52:08.707+02:00 DEBUG 4012 --- [projectJPA] [main] c.b.j.s.implementations.MessaggioImpl    : getMessaggio :socio-not-exist
2025-08-03T19:52:08.717+02:00 DEBUG 4012 --- [projectJPA] [main] com.betacom.jpa.SocioControllerTest      : Test List Socio
2025-08-03T19:52:08.717+02:00 DEBUG 4012 --- [projectJPA] [main] c.b.j.s.implementations.SocioImpl        : list:null/Simone/null/null
2025-08-03T19:52:08.728+02:00 DEBUG 4012 --- [projectJPA] [main] com.betacom.jpa.SocioControllerTest      : Test Create Socio
2025-08-03T19:52:08.729+02:00 DEBUG 4012 --- [projectJPA] [main] c.b.j.s.implementations.SocioImpl        : insert :SocioReq(id=null, cognome=Viola, nome=Anna, codiceFiscale=10987654321, email=a.viola@gmail.com, errrorMsg=null)
2025-08-03T19:52:08.738+02:00  INFO 4012 --- [projectJPA] [main] t.c.s.AnnotationConfigContextLoaderUtils : Could not detect default configuration classes for test class [com.betacom.jpa.CertificatoControllerTest]: CertificatoControllerTest does not declare any static, non-private, non-final, nested classes annotated with @Configuration.
2025-08-03T19:52:08.741+02:00  INFO 4012 --- [projectJPA] [main] .b.t.c.SpringBootTestContextBootstrapper : Found @SpringBootConfiguration com.betacom.jpa.ProjectJpaApplication for test class com.betacom.jpa.CertificatoControllerTest
2025-08-03T19:52:08.746+02:00 DEBUG 4012 --- [projectJPA] [main] c.betacom.jpa.CertificatoControllerTest  : Test Create Certificato
2025-08-03T19:52:08.747+02:00 DEBUG 4012 --- [projectJPA] [main] c.b.j.s.implementations.CertificatoImpl  : create :CertificatoReq(id=null, tipo=false, dataCertificato=2025-08-03, socioId=1)
2025-08-03T19:52:08.760+02:00  INFO 4012 --- [projectJPA] [main] t.c.s.AnnotationConfigContextLoaderUtils : Could not detect default configuration classes for test class [com.betacom.jpa.AttivitaControllerTest]: AttivitaControllerTest does not declare any static, non-private, non-final, nested classes annotated with @Configuration.
2025-08-03T19:52:08.762+02:00  INFO 4012 --- [projectJPA] [main] .b.t.c.SpringBootTestContextBootstrapper : Found @SpringBootConfiguration com.betacom.jpa.ProjectJpaApplication for test class com.betacom.jpa.AttivitaControllerTest
2025-08-03T19:52:08.767+02:00 DEBUG 4012 --- [projectJPA] [main] com.betacom.jpa.AttivitaControllerTest   : Test Create Attivita
2025-08-03T19:52:08.769+02:00 DEBUG 4012 --- [projectJPA] [main] c.b.j.s.implementations.AttivitaImpl     : create :AttivitaReq(id=null, descrizione=Yoga, prezzo=10, abbonamentiId=null)
2025-08-03T19:52:08.777+02:00 DEBUG 4012 --- [projectJPA] [main] c.b.j.s.implementations.AttivitaImpl     : create :AttivitaReq(id=null, descrizione=Pilates, prezzo=12, abbonamentiId=null)
2025-08-03T19:52:08.780+02:00 DEBUG 4012 --- [projectJPA] [main] c.b.j.s.implementations.AttivitaImpl     : create :AttivitaReq(id=null, descrizione=Posturale, prezzo=15, abbonamentiId=null)
2025-08-03T19:52:08.790+02:00 DEBUG 4012 --- [projectJPA] [main] com.betacom.jpa.AttivitaControllerTest   : Test List Attività
2025-08-03T19:52:08.790+02:00 DEBUG 4012 --- [projectJPA] [main] c.b.j.s.implementations.AttivitaImpl     : List
2025-08-03T19:52:08.808+02:00  INFO 4012 --- [projectJPA] [main] t.c.s.AnnotationConfigContextLoaderUtils : Could not detect default configuration classes for test class [com.betacom.jpa.AbbonamentoControllerTest]: AbbonamentoControllerTest does not declare any static, non-private, non-final, nested classes annotated with @Configuration.
2025-08-03T19:52:08.810+02:00  INFO 4012 --- [projectJPA] [main] .b.t.c.SpringBootTestContextBootstrapper : Found @SpringBootConfiguration com.betacom.jpa.ProjectJpaApplication for test class com.betacom.jpa.AbbonamentoControllerTest
2025-08-03T19:52:08.815+02:00 DEBUG 4012 --- [projectJPA] [main] c.betacom.jpa.AbbonamentoControllerTest  : Test create attività per un abbonamento
2025-08-03T19:52:08.816+02:00 DEBUG 4012 --- [projectJPA] [main] c.b.j.s.implementations.AttivitaImpl     : List
2025-08-03T19:52:08.821+02:00 DEBUG 4012 --- [projectJPA] [main] c.b.j.s.implementations.AttivitaImpl     : createAttivitaAbbonamento :AttivitaReq(id=1, descrizione=null, prezzo=null, abbonamentiId=1)
2025-08-03T19:52:08.839+02:00 DEBUG 4012 --- [projectJPA] [main] c.betacom.jpa.AbbonamentoControllerTest  : Test delete attività per un abbonamento
2025-08-03T19:52:08.842+02:00 DEBUG 4012 --- [projectJPA] [main] c.b.j.s.implementations.MessaggioImpl    : getMessaggio :no-abbo
2025-08-03T19:52:08.849+02:00 DEBUG 4012 --- [projectJPA] [main] c.betacom.jpa.AbbonamentoControllerTest  : Create Abbonamento Test
2025-08-03T19:52:08.850+02:00 DEBUG 4012 --- [projectJPA] [main] c.b.j.s.implementations.AbbonamentoImpl  : create :AbbonamentoReq(id=null, dataIscrizione=2025-08-03, socioId=1)
2025-08-03T19:52:08.857+02:00 DEBUG 4012 --- [projectJPA] [main] c.b.j.s.implementations.AbbonamentoImpl  : create :AbbonamentoReq(id=null, dataIscrizione=2025-08-03, socioId=2)
2025-08-03T19:52:08.864+02:00 DEBUG 4012 --- [projectJPA] [main] c.betacom.jpa.AbbonamentoControllerTest  : Test delete attività per un abbonamento
2025-08-03T19:52:08.869+02:00 DEBUG 4012 --- [projectJPA] [main] c.b.j.s.implementations.AttivitaImpl     : Attivita size:0
2025-08-03T19:52:08.870+02:00 DEBUG 4012 --- [projectJPA] [main] c.b.j.s.implementations.AttivitaImpl     : After Attivita size:0
2025-08-03T19:52:09.792+02:00  INFO 4012 --- [projectJPA] [SpringApplicationShutdownHook] j.LocalContainerEntityManagerFactoryBean : Closing JPA EntityManagerFactory for persistence unit 'default'
2025-08-03T19:52:09.795+02:00  INFO 4012 --- [projectJPA] [SpringApplicationShutdownHook] com.zaxxer.hikari.HikariDataSource       : HikariPool-1 - Shutdown initiated...
2025-08-03T19:52:09.802+02:00  INFO 4012 --- [projectJPA] [SpringApplicationShutdownHook] com.zaxxer.hikari.HikariDataSource       : HikariPool-1 - Shutdown completed.
2025-08-03T19:54:14.002+02:00  INFO 9828 --- [projectJPA] [main] c.b.jpa.ProjectJpaApplicationTests       : Starting ProjectJpaApplicationTests using Java 21.0.7 with PID 9828 (started by Ho in C:\Users\Ho\eclipse-workspace\progetti-eclipse-betacom\Betacom\current_jpa-main)
2025-08-03T19:54:14.006+02:00 DEBUG 9828 --- [projectJPA] [main] c.b.jpa.ProjectJpaApplicationTests       : Running with Spring Boot v3.4.8-SNAPSHOT, Spring v6.2.9
2025-08-03T19:54:14.008+02:00  INFO 9828 --- [projectJPA] [main] c.b.jpa.ProjectJpaApplicationTests       : No active profile set, falling back to 1 default profile: "default"
2025-08-03T19:54:15.627+02:00  INFO 9828 --- [projectJPA] [main] .s.d.r.c.RepositoryConfigurationDelegate : Bootstrapping Spring Data JPA repositories in DEFAULT mode.
2025-08-03T19:54:15.788+02:00  INFO 9828 --- [projectJPA] [main] .s.d.r.c.RepositoryConfigurationDelegate : Finished Spring Data repository scanning in 140 ms. Found 5 JPA repository interfaces.
2025-08-03T19:54:16.608+02:00  INFO 9828 --- [projectJPA] [main] o.hibernate.jpa.internal.util.LogHelper  : HHH000204: Processing PersistenceUnitInfo [name: default]
2025-08-03T19:54:16.727+02:00  INFO 9828 --- [projectJPA] [main] org.hibernate.Version                    : HHH000412: Hibernate ORM core version 6.6.22.Final
2025-08-03T19:54:16.802+02:00  INFO 9828 --- [projectJPA] [main] o.h.c.internal.RegionFactoryInitiator    : HHH000026: Second-level cache disabled
2025-08-03T19:54:17.481+02:00  INFO 9828 --- [projectJPA] [main] o.s.o.j.p.SpringPersistenceUnitInfo      : No LoadTimeWeaver setup: ignoring JPA class transformer
2025-08-03T19:54:17.593+02:00  INFO 9828 --- [projectJPA] [main] com.zaxxer.hikari.HikariDataSource       : HikariPool-1 - Starting...
2025-08-03T19:54:18.142+02:00  INFO 9828 --- [projectJPA] [main] com.zaxxer.hikari.pool.HikariPool        : HikariPool-1 - Added connection conn0: url=jdbc:h2:mem:dbJPA user=SA
2025-08-03T19:54:18.147+02:00  INFO 9828 --- [projectJPA] [main] com.zaxxer.hikari.HikariDataSource       : HikariPool-1 - Start completed.
2025-08-03T19:54:18.289+02:00  INFO 9828 --- [projectJPA] [main] org.hibernate.orm.connections.pooling    : HHH10001005: Database info:
	Database JDBC URL [Connecting through datasource 'HikariDataSource (HikariPool-1)']
	Database driver: undefined/unknown
	Database version: 2.3.232
	Autocommit mode: undefined/unknown
	Isolation level: undefined/unknown
	Minimum pool size: undefined/unknown
	Maximum pool size: undefined/unknown
2025-08-03T19:54:19.037+02:00  WARN 9828 --- [projectJPA] [main] org.hibernate.mapping.RootClass          : HHH000038: Composite-id class does not override equals(): com.betacom.jpa.models.MessageId
2025-08-03T19:54:19.038+02:00  WARN 9828 --- [projectJPA] [main] org.hibernate.mapping.RootClass          : HHH000039: Composite-id class does not override hashCode(): com.betacom.jpa.models.MessageId
2025-08-03T19:54:20.316+02:00  INFO 9828 --- [projectJPA] [main] o.h.e.t.j.p.i.JtaPlatformInitiator       : HHH000489: No JTA platform available (set 'hibernate.transaction.jta.platform' to enable JTA platform integration)
2025-08-03T19:54:20.462+02:00  INFO 9828 --- [projectJPA] [main] j.LocalContainerEntityManagerFactoryBean : Initialized JPA EntityManagerFactory for persistence unit 'default'
2025-08-03T19:54:20.914+02:00  INFO 9828 --- [projectJPA] [main] o.s.d.j.r.query.QueryEnhancerFactory     : Hibernate is in classpath; If applicable, HQL parser will be used.
2025-08-03T19:54:22.534+02:00  WARN 9828 --- [projectJPA] [main] JpaBaseConfiguration$JpaWebConfiguration : spring.jpa.open-in-view is enabled by default. Therefore, database queries may be performed during view rendering. Explicitly configure spring.jpa.open-in-view to disable this warning
2025-08-03T19:54:23.268+02:00  INFO 9828 --- [projectJPA] [main] c.b.jpa.ProjectJpaApplicationTests       : Started ProjectJpaApplicationTests in 10.013 seconds (process running for 12.636)
2025-08-03T19:54:23.972+02:00  INFO 9828 --- [projectJPA] [main] t.c.s.AnnotationConfigContextLoaderUtils : Could not detect default configuration classes for test class [com.betacom.jpa.SocioServicesTest]: SocioServicesTest does not declare any static, non-private, non-final, nested classes annotated with @Configuration.
2025-08-03T19:54:23.976+02:00  INFO 9828 --- [projectJPA] [main] .b.t.c.SpringBootTestContextBootstrapper : Found @SpringBootConfiguration com.betacom.jpa.ProjectJpaApplication for test class com.betacom.jpa.SocioServicesTest
2025-08-03T19:54:23.984+02:00 DEBUG 9828 --- [projectJPA] [main] com.betacom.jpa.SocioServicesTest        : Create socio test
2025-08-03T19:54:23.997+02:00 DEBUG 9828 --- [projectJPA] [main] c.b.j.s.implementations.SocioImpl        : insert :SocioReq(id=null, cognome=Linati, nome=Simone, codiceFiscale=AND341J4N2LKM129, email=s.linati@gmail.com, errrorMsg=null)
2025-08-03T19:54:24.239+02:00 DEBUG 9828 --- [projectJPA] [main] c.b.j.s.implementations.SocioImpl        : list:null/null/null/null
2025-08-03T19:54:24.410+02:00 DEBUG 9828 --- [projectJPA] [main] c.b.j.s.implementations.SocioImpl        : insert :SocioReq(id=null, cognome=Bianchi, nome=Andrea, codiceFiscale=CUM28398H2M3N4J1, email=a.bianchi@gmail.com, errrorMsg=null)
2025-08-03T19:54:24.415+02:00 DEBUG 9828 --- [projectJPA] [main] c.b.j.s.implementations.SocioImpl        : list:null/null/null/null
2025-08-03T19:54:24.421+02:00 DEBUG 9828 --- [projectJPA] [main] com.betacom.jpa.SocioServicesTest        : SocioDTO(id=1, cognome=Linati, nome=Simone, codiceFiscale=AND341J4N2LKM129, email=s.linati@gmail.com, certificato=null, abbonamento=[])
2025-08-03T19:54:24.421+02:00 DEBUG 9828 --- [projectJPA] [main] com.betacom.jpa.SocioServicesTest        : SocioDTO(id=2, cognome=Bianchi, nome=Andrea, codiceFiscale=CUM28398H2M3N4J1, email=a.bianchi@gmail.com, certificato=null, abbonamento=[])
2025-08-03T19:54:24.434+02:00 DEBUG 9828 --- [projectJPA] [main] c.b.j.s.implementations.SocioImpl        : insert :SocioReq(id=null, cognome=Linati, nome=Simone, codiceFiscale=AND341J4N2LKM109, email=s.linati@gmail.com, errrorMsg=null)
2025-08-03T19:54:24.453+02:00  INFO 9828 --- [projectJPA] [main] t.c.s.AnnotationConfigContextLoaderUtils : Could not detect default configuration classes for test class [com.betacom.jpa.SocioControllerTest]: SocioControllerTest does not declare any static, non-private, non-final, nested classes annotated with @Configuration.
2025-08-03T19:54:24.454+02:00  INFO 9828 --- [projectJPA] [main] .b.t.c.SpringBootTestContextBootstrapper : Found @SpringBootConfiguration com.betacom.jpa.ProjectJpaApplication for test class com.betacom.jpa.SocioControllerTest
2025-08-03T19:54:24.460+02:00 DEBUG 9828 --- [projectJPA] [main] com.betacom.jpa.SocioControllerTest      : Test List Socio
2025-08-03T19:54:24.461+02:00 DEBUG 9828 --- [projectJPA] [main] c.b.j.s.implementations.SocioImpl        : list:null/Simone/null/null
2025-08-03T19:54:24.475+02:00 DEBUG 9828 --- [projectJPA] [main] com.betacom.jpa.SocioControllerTest      : Test Get Socio
2025-08-03T19:54:24.476+02:00 DEBUG 9828 --- [projectJPA] [main] c.b.j.s.implementations.SocioImpl        : getSocio :1
2025-08-03T19:54:24.497+02:00 DEBUG 9828 --- [projectJPA] [main] com.betacom.jpa.SocioControllerTest      : Test Get Socio Errore
2025-08-03T19:54:24.498+02:00 DEBUG 9828 --- [projectJPA] [main] c.b.j.s.implementations.SocioImpl        : getSocio :99
2025-08-03T19:54:24.500+02:00 DEBUG 9828 --- [projectJPA] [main] c.b.j.s.implementations.MessaggioImpl    : getMessaggio :socio-not-exist
2025-08-03T19:54:24.512+02:00 DEBUG 9828 --- [projectJPA] [main] com.betacom.jpa.SocioControllerTest      : Test Update Socio
2025-08-03T19:54:24.513+02:00 DEBUG 9828 --- [projectJPA] [main] c.b.j.s.implementations.SocioImpl        : Update :SocioReq(id=2, cognome=null, nome=Gabriele, codiceFiscale=123456789, email=null, errrorMsg=null)
2025-08-03T19:54:24.515+02:00 DEBUG 9828 --- [projectJPA] [main] c.b.j.s.implementations.SocioImpl        : update codice fiscale
2025-08-03T19:54:24.542+02:00 DEBUG 9828 --- [projectJPA] [main] c.b.j.s.implementations.SocioImpl        : getSocio :2
2025-08-03T19:54:24.551+02:00 DEBUG 9828 --- [projectJPA] [main] com.betacom.jpa.SocioControllerTest      : Test Create Socio
2025-08-03T19:54:24.551+02:00 DEBUG 9828 --- [projectJPA] [main] c.b.j.s.implementations.SocioImpl        : insert :SocioReq(id=null, cognome=Viola, nome=Anna, codiceFiscale=10987654321, email=a.viola@gmail.com, errrorMsg=null)
2025-08-03T19:54:24.563+02:00  INFO 9828 --- [projectJPA] [main] t.c.s.AnnotationConfigContextLoaderUtils : Could not detect default configuration classes for test class [com.betacom.jpa.CertificatoControllerTest]: CertificatoControllerTest does not declare any static, non-private, non-final, nested classes annotated with @Configuration.
2025-08-03T19:54:24.565+02:00  INFO 9828 --- [projectJPA] [main] .b.t.c.SpringBootTestContextBootstrapper : Found @SpringBootConfiguration com.betacom.jpa.ProjectJpaApplication for test class com.betacom.jpa.CertificatoControllerTest
2025-08-03T19:54:24.571+02:00 DEBUG 9828 --- [projectJPA] [main] c.betacom.jpa.CertificatoControllerTest  : Test Create Certificato
2025-08-03T19:54:24.572+02:00 DEBUG 9828 --- [projectJPA] [main] c.b.j.s.implementations.CertificatoImpl  : create :CertificatoReq(id=null, tipo=false, dataCertificato=2025-08-03, socioId=1)
2025-08-03T19:54:24.583+02:00  INFO 9828 --- [projectJPA] [main] t.c.s.AnnotationConfigContextLoaderUtils : Could not detect default configuration classes for test class [com.betacom.jpa.AttivitaControllerTest]: AttivitaControllerTest does not declare any static, non-private, non-final, nested classes annotated with @Configuration.
2025-08-03T19:54:24.585+02:00  INFO 9828 --- [projectJPA] [main] .b.t.c.SpringBootTestContextBootstrapper : Found @SpringBootConfiguration com.betacom.jpa.ProjectJpaApplication for test class com.betacom.jpa.AttivitaControllerTest
2025-08-03T19:54:24.592+02:00 DEBUG 9828 --- [projectJPA] [main] com.betacom.jpa.AttivitaControllerTest   : Test Create Attivita
2025-08-03T19:54:24.594+02:00 DEBUG 9828 --- [projectJPA] [main] c.b.j.s.implementations.AttivitaImpl     : create :AttivitaReq(id=null, descrizione=Yoga, prezzo=10, abbonamentiId=null)
2025-08-03T19:54:24.600+02:00 DEBUG 9828 --- [projectJPA] [main] c.b.j.s.implementations.AttivitaImpl     : create :AttivitaReq(id=null, descrizione=Pilates, prezzo=12, abbonamentiId=null)
2025-08-03T19:54:24.605+02:00 DEBUG 9828 --- [projectJPA] [main] c.b.j.s.implementations.AttivitaImpl     : create :AttivitaReq(id=null, descrizione=Posturale, prezzo=15, abbonamentiId=null)
2025-08-03T19:54:24.615+02:00 DEBUG 9828 --- [projectJPA] [main] com.betacom.jpa.AttivitaControllerTest   : Test List Attività
2025-08-03T19:54:24.615+02:00 DEBUG 9828 --- [projectJPA] [main] c.b.j.s.implementations.AttivitaImpl     : List
2025-08-03T19:54:24.632+02:00  INFO 9828 --- [projectJPA] [main] t.c.s.AnnotationConfigContextLoaderUtils : Could not detect default configuration classes for test class [com.betacom.jpa.AbbonamentoControllerTest]: AbbonamentoControllerTest does not declare any static, non-private, non-final, nested classes annotated with @Configuration.
2025-08-03T19:54:24.634+02:00  INFO 9828 --- [projectJPA] [main] .b.t.c.SpringBootTestContextBootstrapper : Found @SpringBootConfiguration com.betacom.jpa.ProjectJpaApplication for test class com.betacom.jpa.AbbonamentoControllerTest
2025-08-03T19:54:24.640+02:00 DEBUG 9828 --- [projectJPA] [main] c.betacom.jpa.AbbonamentoControllerTest  : Create Abbonamento Test
2025-08-03T19:54:24.641+02:00 DEBUG 9828 --- [projectJPA] [main] c.b.j.s.implementations.AbbonamentoImpl  : create :AbbonamentoReq(id=null, dataIscrizione=2025-08-03, socioId=1)
2025-08-03T19:54:24.648+02:00 DEBUG 9828 --- [projectJPA] [main] c.b.j.s.implementations.AbbonamentoImpl  : create :AbbonamentoReq(id=null, dataIscrizione=2025-08-03, socioId=2)
2025-08-03T19:54:24.656+02:00 DEBUG 9828 --- [projectJPA] [main] c.betacom.jpa.AbbonamentoControllerTest  : Test create attività per un abbonamento
2025-08-03T19:54:24.657+02:00 DEBUG 9828 --- [projectJPA] [main] c.b.j.s.implementations.AttivitaImpl     : createAttivitaAbbonamento :AttivitaReq(id=2, descrizione=null, prezzo=null, abbonamentiId=1)
2025-08-03T19:54:24.671+02:00 DEBUG 9828 --- [projectJPA] [main] c.b.j.s.implementations.AttivitaImpl     : createAttivitaAbbonamento :AttivitaReq(id=1, descrizione=null, prezzo=null, abbonamentiId=2)
2025-08-03T19:54:24.680+02:00 DEBUG 9828 --- [projectJPA] [main] c.betacom.jpa.AbbonamentoControllerTest  : Test delete attività per un abbonamento
2025-08-03T19:54:24.684+02:00 DEBUG 9828 --- [projectJPA] [main] c.b.j.s.implementations.AttivitaImpl     : Attivita size:1
2025-08-03T19:54:24.685+02:00 DEBUG 9828 --- [projectJPA] [main] c.b.j.s.implementations.AttivitaImpl     : After Attivita size:0
2025-08-03T19:54:24.693+02:00 DEBUG 9828 --- [projectJPA] [main] c.betacom.jpa.AbbonamentoControllerTest  : Test delete attività per un abbonamento
2025-08-03T19:54:25.584+02:00  INFO 9828 --- [projectJPA] [SpringApplicationShutdownHook] j.LocalContainerEntityManagerFactoryBean : Closing JPA EntityManagerFactory for persistence unit 'default'
2025-08-03T19:54:25.587+02:00  INFO 9828 --- [projectJPA] [SpringApplicationShutdownHook] com.zaxxer.hikari.HikariDataSource       : HikariPool-1 - Shutdown initiated...
2025-08-03T19:54:25.631+02:00  INFO 9828 --- [projectJPA] [SpringApplicationShutdownHook] com.zaxxer.hikari.HikariDataSource       : HikariPool-1 - Shutdown completed.
